<?xml version="1.0" encoding="UTF-8"?>
<!-- Generated by org.testng.reporters.JUnitReportReporter -->
<testsuite skipped="0" hostname="LP1-AP-51807597" name="executionEngine.DriverScript" tests="2" failures="0" timestamp="25 Jun 2019 11:38:11 GMT" time="13.600" errors="0">
  <testcase name="invokeexcel" time="0.515" classname="executionEngine.DriverScript"/>
  <testcase name="test1" time="13.085" classname="executionEngine.DriverScript"/>
</testsuite> <!-- executionEngine.DriverScript -->
